Running: /opt/Xilinx/14.7/ISE_DS/ISE/bin/lin64/unwrapped/fuse -intstyle ise -incremental -lib unisims_ver -lib unimacro_ver -lib xilinxcorelib_ver -lib secureip -o /home/csusb.edu/005461881/CSE401/CSE401_Labs/Lab1/incr_test2_isim_beh.exe -prj /home/csusb.edu/005461881/CSE401/CSE401_Labs/Lab1/incr_test2_beh.prj work.incr_test2 work.glbl 
ISim P.20131013 (signature 0xfbc00daa)
Number of CPUs detected in this system: 8
Turning on mult-threading, number of parallel sub-compilation jobs: 16 
Determining compilation order of HDL files
Analyzing Verilog file "/home/csusb.edu/005461881/CSE401/CSE401_Labs/Lab1/incr2.v" into library work
Analyzing Verilog file "/home/csusb.edu/005461881/CSE401/CSE401_Labs/Lab1/incr_test2.v" into library work
Analyzing Verilog file "/opt/Xilinx/14.7/ISE_DS/ISE//verilog/src/glbl.v" into library work
Starting static elaboration
Completed static elaboration
Fuse Memory Usage: 82700 KB
Fuse CPU Usage: 790 ms
Compiling module INCR
Compiling module incr_test2
Compiling module glbl
Time Resolution for simulation is 1ps.
Waiting for 1 sub-compilation(s) to finish...
Compiled 3 Verilog Units
Built simulation executable /home/csusb.edu/005461881/CSE401/CSE401_Labs/Lab1/incr_test2_isim_beh.exe
Fuse Memory Usage: 1167176 KB
Fuse CPU Usage: 790 ms
GCC CPU Usage: 150 ms
