ISim log file
Running: C:\Users\Ryan\Desktop\CSE401_Labs\Lab1\incr_test2_isim_beh.exe -intstyle ise -gui -tclbatch isim.cmd -wdb C:/Users/Ryan/Desktop/CSE401_Labs/Lab1/incr_test2_isim_beh.wdb 
ISim P.20131013 (signature 0x7708f090)
This is a Full version of ISim.
Time resolution is 1 ps
# onerror resume
# wave add /
# run 1000 ns
Simulator is doing circuit initialization process.
Finished circuit initialization process.
Time = 1	A=0	IncrOut=1
Time = 11	A=3	IncrOut=4
Time = 21	A=15	IncrOut=16
Time = 31	A=64	IncrOut=65
INFO: There is another simulation running in the same directory. Using database file name isim1.wdb.
ISim P.20131013 (signature 0x7708f090)
This is a Full version of ISim.
Time resolution is 1 ps
# onerror resume
# wave add /
# run 1000 ns
Simulator is doing circuit initialization process.
Finished circuit initialization process.
Time = 1	A=0	IncrOut=1
Time = 11	A=3	IncrOut=4
Time = 21	A=15	IncrOut=16
Time = 31	A=64	IncrOut=65
# restart
# run all
Simulator is doing circuit initialization process.
Finished circuit initialization process.
Time = 1	A=0	IncrOut=1
Time = 11	A=3	IncrOut=4
Time = 21	A=15	IncrOut=16
Time = 31	A=64	IncrOut=65
