--------------------------------------------------------------------------------
Release 14.7 Trace  (lin64)
Copyright (c) 1995-2013 Xilinx, Inc.  All rights reserved.

/opt/Xilinx/14.7/ISE_DS/ISE/bin/lin64/unwrapped/trce -intstyle ise -v 3 -s 3 -n
3 -fastpaths -xml mux.twx mux.ncd -o mux.twr mux.pcf

Design file:              mux.ncd
Physical constraint file: mux.pcf
Device,package,speed:     xc7a100t,csg324,C,-3 (PRODUCTION 1.10 2013-10-13)
Report level:             verbose report

Environment Variable      Effect 
--------------------      ------ 
NONE                      No environment variables were set
--------------------------------------------------------------------------------

INFO:Timing:2698 - No timing constraints found, doing default enumeration.
INFO:Timing:3412 - To improve timing, see the Timing Closure User Guide (UG612).
INFO:Timing:2752 - To get complete path coverage, use the unconstrained paths 
   option. All paths that are not constrained will be reported in the 
   unconstrained paths section(s) of the report.
INFO:Timing:3339 - The clock-to-out numbers in this timing report are based on 
   a 50 Ohm transmission line loading model.  For the details of this model, 
   and for more information on accounting for different loading conditions, 
   please see the device datasheet.



Data Sheet report:
-----------------
All values displayed in nanoseconds (ns)

Pad to Pad
---------------+---------------+---------+
Source Pad     |Destination Pad|  Delay  |
---------------+---------------+---------+
a<0>           |y<0>           |    7.082|
a<1>           |y<1>           |    7.589|
a<2>           |y<2>           |    7.041|
a<3>           |y<3>           |    7.295|
a<4>           |y<4>           |    7.205|
a<5>           |y<5>           |    7.434|
a<6>           |y<6>           |    6.659|
a<7>           |y<7>           |    7.376|
a<8>           |y<8>           |    6.913|
a<9>           |y<9>           |    7.109|
a<10>          |y<10>          |    7.403|
a<11>          |y<11>          |    7.461|
a<12>          |y<12>          |    6.940|
a<13>          |y<13>          |    7.421|
a<14>          |y<14>          |    7.097|
a<15>          |y<15>          |    7.290|
a<16>          |y<16>          |    7.188|
a<17>          |y<17>          |    7.071|
a<18>          |y<18>          |    5.768|
a<19>          |y<19>          |    5.379|
a<20>          |y<20>          |    7.334|
a<21>          |y<21>          |    6.259|
a<22>          |y<22>          |    5.563|
a<23>          |y<23>          |    6.171|
a<24>          |y<24>          |    6.106|
a<25>          |y<25>          |    6.260|
a<26>          |y<26>          |    6.195|
a<27>          |y<27>          |    6.272|
a<28>          |y<28>          |    5.806|
a<29>          |y<29>          |    7.416|
a<30>          |y<30>          |    6.390|
a<31>          |y<31>          |    6.093|
b<0>           |y<0>           |    7.615|
b<1>           |y<1>           |    7.258|
b<2>           |y<2>           |    7.658|
b<3>           |y<3>           |    7.306|
b<4>           |y<4>           |    7.489|
b<5>           |y<5>           |    7.532|
b<6>           |y<6>           |    7.577|
b<7>           |y<7>           |    7.720|
b<8>           |y<8>           |    7.230|
b<9>           |y<9>           |    7.538|
b<10>          |y<10>          |    7.250|
b<11>          |y<11>          |    7.367|
b<12>          |y<12>          |    6.936|
b<13>          |y<13>          |    7.615|
b<14>          |y<14>          |    7.121|
b<15>          |y<15>          |    7.357|
b<16>          |y<16>          |    7.816|
b<17>          |y<17>          |    6.776|
b<18>          |y<18>          |    5.630|
b<19>          |y<19>          |    6.551|
b<20>          |y<20>          |    6.837|
b<21>          |y<21>          |    7.551|
b<22>          |y<22>          |    7.095|
b<23>          |y<23>          |    7.307|
b<24>          |y<24>          |    6.995|
b<25>          |y<25>          |    7.261|
b<26>          |y<26>          |    6.884|
b<27>          |y<27>          |    7.181|
b<28>          |y<28>          |    6.927|
b<29>          |y<29>          |    7.535|
b<30>          |y<30>          |    7.382|
b<31>          |y<31>          |    6.900|
sel            |y<0>           |    8.709|
sel            |y<1>           |    8.347|
sel            |y<2>           |    7.999|
sel            |y<3>           |    8.448|
sel            |y<4>           |    8.258|
sel            |y<5>           |    8.413|
sel            |y<6>           |    8.134|
sel            |y<7>           |    8.653|
sel            |y<8>           |    8.396|
sel            |y<9>           |    8.036|
sel            |y<10>          |    8.693|
sel            |y<11>          |    8.445|
sel            |y<12>          |    8.214|
sel            |y<13>          |    7.923|
sel            |y<14>          |    7.582|
sel            |y<15>          |    7.824|
sel            |y<16>          |    7.561|
sel            |y<17>          |    8.121|
sel            |y<18>          |    6.611|
sel            |y<19>          |    6.336|
sel            |y<20>          |    8.058|
sel            |y<21>          |    6.492|
sel            |y<22>          |    5.862|
sel            |y<23>          |    6.400|
sel            |y<24>          |    6.262|
sel            |y<25>          |    6.208|
sel            |y<26>          |    6.084|
sel            |y<27>          |    6.057|
sel            |y<28>          |    5.895|
sel            |y<29>          |    8.351|
sel            |y<30>          |    6.149|
sel            |y<31>          |    5.972|
---------------+---------------+---------+


Analysis completed Tue Jan 21 15:50:33 2020 
--------------------------------------------------------------------------------

Trace Settings:
-------------------------
Trace Settings 

Peak Memory Usage: 752 MB



